<?xml version="1.0" encoding="UTF-8"?>
<!-- Generated by org.testng.reporters.JUnitReportReporter -->
<testsuite skipped="0" hostname="LAPTOP-HHN7D2TC" name="com.ebanking.master.Libraryng" tests="2" failures="0" timestamp="2020-04-30T15:18:14 IST" time="43.258" errors="0">
  <testcase name="OpenApp" time="41.584" classname="com.ebanking.master.Libraryng"/>
  <testcase name="Adminlgn" time="1.674" classname="com.ebanking.master.Libraryng"/>
</testsuite> <!-- com.ebanking.master.Libraryng -->
