<?xml version="1.0" encoding="UTF-8"?>
<!-- Generated by org.testng.reporters.JUnitReportReporter -->
<testsuite skipped="0" hostname="LAPTOP-HHN7D2TC" name="com.ebanking.master.Exepom" tests="3" failures="0" timestamp="2020-05-06T14:42:20 IST" time="28.318" errors="0">
  <testcase name="Rol" time="10.036" classname="com.ebanking.master.Exepom"/>
  <testcase name="Rol" time="9.096" classname="com.ebanking.master.Exepom"/>
  <testcase name="Rol" time="9.186" classname="com.ebanking.master.Exepom"/>
</testsuite> <!-- com.ebanking.master.Exepom -->
