<?xml version="1.0" encoding="UTF-8"?>
<!-- Generated by org.testng.reporters.JUnitReportReporter -->
<testsuite skipped="0" hostname="LAPTOP-HHN7D2TC" name="com.ebanking.master.RoleNg" tests="3" failures="0" timestamp="2020-05-04T14:51:56 IST" time="28.827" errors="0">
  <testcase name="Role" time="9.434" classname="com.ebanking.master.RoleNg"/>
  <testcase name="Role" time="10.140" classname="com.ebanking.master.RoleNg"/>
  <testcase name="Role" time="9.253" classname="com.ebanking.master.RoleNg"/>
</testsuite> <!-- com.ebanking.master.RoleNg -->
