<?xml version="1.0" encoding="UTF-8"?>
<!-- Generated by org.testng.reporters.JUnitReportReporter -->
<testsuite skipped="0" hostname="LAPTOP-HHN7D2TC" name="com.ebanking.master.Pomexcel" tests="1" failures="0" timestamp="2020-05-06T14:52:33 IST" time="46.372" errors="0">
  <testcase name="Rol" time="46.372" classname="com.ebanking.master.Pomexcel"/>
</testsuite> <!-- com.ebanking.master.Pomexcel -->
