<?xml version="1.0" encoding="UTF-8"?>
<!-- Generated by org.testng.reporters.JUnitReportReporter -->
<testsuite skipped="0" hostname="LAPTOP-HHN7D2TC" name="com.ebanking.master.Sgrid" tests="1" failures="0" timestamp="2020-05-14T15:48:16 IST" time="55.780" errors="0">
  <testcase name="gd" time="55.780" classname="com.ebanking.master.Sgrid"/>
</testsuite> <!-- com.ebanking.master.Sgrid -->
