<?xml version="1.0" encoding="UTF-8"?>
<!-- Generated by org.testng.reporters.JUnitReportReporter -->
<testsuite skipped="0" hostname="LAPTOP-HHN7D2TC" name="com.ebanking.master.BranchNG" tests="1" failures="0" timestamp="2020-05-04T14:51:56 IST" time="7.658" errors="0">
  <testcase name="Br" time="7.658" classname="com.ebanking.master.BranchNG"/>
</testsuite> <!-- com.ebanking.master.BranchNG -->
