<?xml version="1.0" encoding="UTF-8"?>
<!-- Generated by org.testng.reporters.JUnitReportReporter -->
<testsuite skipped="0" hostname="LAPTOP-HHN7D2TC" name="com.ebanking.master.SampleNG" tests="2" failures="0" timestamp="2020-04-30T15:11:24 IST" time="0.033" errors="0">
  <testcase name="bcd" time="0.024" classname="com.ebanking.master.SampleNG"/>
  <testcase name="abc" time="0.009" classname="com.ebanking.master.SampleNG"/>
</testsuite> <!-- com.ebanking.master.SampleNG -->
